<?xml version='1.0' encoding='UTF-8'?>
<testsuite hostname="wendleypf-C14CR01" name="unidade.AnuncioTest" tests="10" errors="0" failures="0" time="1.944">
                     <properties>
[...]
</properties>
                     <testcase classname="unidade.AnuncioTest" name="deveTerUmaPalavraChave" time="0.211">
                                                 
                                               </testcase><testcase classname="unidade.AnuncioTest" name="deveExistirPeloMenosUmaFormaDeContato" time="0.254">
                                                 
                                               </testcase><testcase classname="unidade.AnuncioTest" name="deveTerUmBairro" time="0.162">
                                                 
                                               </testcase><testcase classname="unidade.AnuncioTest" name="deveTerUmCidade" time="0.315">
                                                 
                                               </testcase><testcase classname="unidade.AnuncioTest" name="deveIniciarSemAnuncio" time="0.224">
                                                 
                                               </testcase><testcase classname="unidade.AnuncioTest" name="deveTerUmTitulo" time="0.147">
                                                 
                                               </testcase><testcase classname="unidade.AnuncioTest" name="deveTerUmaDescrisao" time="0.138">
                                                 
                                               </testcase><testcase classname="unidade.AnuncioTest" name="deveDeletarAnuncio" time="0.17">
                                                 
                                               </testcase><testcase classname="unidade.AnuncioTest" name="deveTerUmAnuncio" time="0.166">
                                                 
                                               </testcase><testcase classname="unidade.AnuncioTest" name="deveTerUmaListaDeInstrumentos" time="0.157">
                                                 
                                               </testcase>
                     <system-out></system-out>
                     <system-err></system-err>
                   </testsuite>